TN:
SF:src/modules/appointments/services/CreateAppointmentService.ts
FN:13,(anonymous_18)
FN:14,CreateAppointmentService
FN:19,(anonymous_20)
FNF:3
FNH:3
FNDA:1,(anonymous_18)
FNDA:2,CreateAppointmentService
FNDA:3,(anonymous_20)
DA:1,1
DA:2,1
DA:3,1
DA:13,1
DA:16,2
DA:19,1
DA:20,3
DA:21,3
DA:23,3
DA:25,3
DA:26,3
DA:28,3
DA:29,1
DA:32,2
DA:37,2
DA:39,1
LF:16
LH:16
BRDA:28,0,0,1
BRDA:28,0,1,2
BRF:2
BRH:2
end_of_record
TN:
SF:src/modules/users/services/AuthenticateUserService.ts
FN:26,(anonymous_18)
FN:27,AuthenticateUserService
FN:35,(anonymous_20)
FNF:3
FNH:3
FNDA:1,(anonymous_18)
FNDA:3,AuthenticateUserService
FNDA:3,(anonymous_20)
DA:1,1
DA:2,1
DA:3,1
DA:4,1
DA:26,1
DA:29,3
DA:32,3
DA:35,3
DA:36,3
DA:38,3
DA:39,1
DA:42,2
DA:47,2
DA:48,1
DA:51,1
DA:53,1
DA:58,1
DA:63,1
LF:18
LH:18
BRDA:36,0,0,3
BRDA:38,1,0,1
BRDA:38,1,1,2
BRDA:47,2,0,1
BRDA:47,2,1,1
BRF:5
BRH:5
end_of_record
TN:
SF:src/modules/users/services/CreateUserService.ts
FN:19,(anonymous_18)
FN:20,CreateUserService
FN:28,(anonymous_20)
FNF:3
FNH:3
FNDA:2,(anonymous_18)
FNDA:4,CreateUserService
FNDA:5,(anonymous_20)
DA:1,2
DA:2,2
DA:19,2
DA:22,4
DA:25,4
DA:28,2
DA:29,5
DA:30,5
DA:31,5
DA:33,5
DA:35,5
DA:36,1
DA:39,4
DA:41,4
DA:47,4
DA:49,2
LF:16
LH:16
BRDA:33,0,0,5
BRDA:35,1,0,1
BRDA:35,1,1,4
BRF:3
BRH:3
end_of_record
TN:
SF:src/modules/users/services/UpdateUserAvatarService.ts
FN:21,(anonymous_18)
FN:22,UpdateUserAvatarService
FN:30,(anonymous_20)
FNF:3
FNH:3
FNDA:1,(anonymous_18)
FNDA:3,UpdateUserAvatarService
FNDA:4,(anonymous_20)
DA:2,1
DA:3,1
DA:21,1
DA:24,3
DA:27,3
DA:30,1
DA:31,4
DA:32,4
DA:34,4
DA:36,4
DA:37,1
DA:43,5
DA:44,2
DA:47,3
DA:49,3
DA:51,6
DA:53,3
DA:55,1
LF:18
LH:18
BRDA:34,0,0,4
BRDA:34,0,1,3
BRDA:36,1,0,1
BRDA:36,1,1,3
BRDA:43,2,0,2
BRDA:43,2,1,1
BRF:6
BRH:6
end_of_record
